<?xml version="1.0" encoding="UTF-8"?>
<!-- Generated by org.testng.reporters.JUnitXMLReporter -->
<testsuite hostname="DESKTOP-L881BI0" name="Command line test" tests="5" failures="0" timestamp="5 Oct 2020 17:39:25 GMT" time="100.274" errors="0">
  <testcase name="test1" time="17.026" classname="conexion_chromedriver.Test001"/>
  <testcase name="test2" time="5.445" classname="conexion_chromedriver.Test001"/>
  <testcase name="test3" time="14.548" classname="conexion_chromedriver.Test001"/>
  <testcase name="test4" time="21.556" classname="conexion_chromedriver.Test001"/>
  <testcase name="test5" time="11.218" classname="conexion_chromedriver.Test001"/>
</testsuite> <!-- Command line test -->
