<?xml version="1.0" encoding="UTF-8"?>
<!-- Generated by org.testng.reporters.JUnitXMLReporter -->
<testsuite hostname="DESKTOP-L881BI0" name="Command line test" tests="1" failures="0" timestamp="7 Oct 2020 17:32:43 GMT" time="0.016" errors="0">
  <testcase name="@BeforeTest before" time="0.0" classname="test.Test001">
    <failure type="java.lang.NullPointerException">
      <![CDATA[java.lang.NullPointerException
	at page_object.Login_zmart.<init>(Login_zmart.java:18)
	at test.Test001.before(Test001.java:23)
... Removed 31 stack frames]]>
    </failure>
  </testcase> <!-- @BeforeTest before -->
  <testcase name="@BeforeClass beforeClass" time="0.0" classname="test.Test001">
    <skipped/>
  </testcase> <!-- @BeforeClass beforeClass -->
  <testcase name="@AfterTest after" time="0.0" classname="test.Test001">
    <skipped/>
  </testcase> <!-- @AfterTest after -->
  <testcase name="login" time="0.0" classname="test.Test001">
    <skipped/>
  </testcase> <!-- login -->
</testsuite> <!-- Command line test -->
